[debug] [2025-03-07T21:06:32.288Z] ----------------------------------------------------------------------
[debug] [2025-03-07T21:06:32.299Z] Command:       /home/kyhuber/.nvm/versions/node/v22.14.0/bin/node /home/kyhuber/.nvm/versions/node/v22.14.0/bin/firebase login
[debug] [2025-03-07T21:06:32.300Z] CLI Version:   13.33.0
[debug] [2025-03-07T21:06:32.300Z] Platform:      linux
[debug] [2025-03-07T21:06:32.300Z] Node Version:  v22.14.0
[debug] [2025-03-07T21:06:32.300Z] Time:          Fri Mar 07 2025 13:06:32 GMT-0800 (Pacific Standard Time)
[debug] [2025-03-07T21:06:32.300Z] ----------------------------------------------------------------------
[debug] 
[debug] [2025-03-07T21:06:32.303Z] >>> [apiv2][query] GET https://firebase-public.firebaseio.com/cli.json [none]
[info] i  Firebase optionally collects CLI and Emulator Suite usage and error reporting information to help improve our products. Data is collected in accordance with Google's privacy policy (https://policies.google.com/privacy) and is not used to identify you.
 
[debug] [2025-03-07T21:06:32.587Z] <<< [apiv2][status] GET https://firebase-public.firebaseio.com/cli.json 200
[debug] [2025-03-07T21:06:32.587Z] <<< [apiv2][body] GET https://firebase-public.firebaseio.com/cli.json {"cloudBuildErrorAfter":1594252800000,"cloudBuildWarnAfter":1590019200000,"defaultNode10After":1594252800000,"minVersion":"3.0.5","node8DeploysDisabledAfter":1613390400000,"node8RuntimeDisabledAfter":1615809600000,"node8WarnAfter":1600128000000}
[info] i  To change your data collection preference at any time, run `firebase logout` and log in again. 
[info] 
[info] Visit this URL on this device to log in:
[info] https://accounts.google.com/o/oauth2/auth?client_id=563584335869-fgrhgmd47bqnekij5i8b5pr03ho849e6.apps.googleusercontent.com&scope=email%20openid%20https%3A%2F%2Fwww.googleapis.com%2Fauth%2Fcloudplatformprojects.readonly%20https%3A%2F%2Fwww.googleapis.com%2Fauth%2Ffirebase%20https%3A%2F%2Fwww.googleapis.com%2Fauth%2Fcloud-platform&response_type=code&state=751238232&redirect_uri=http%3A%2F%2Flocalhost%3A9005
[info] 
[info] Waiting for authentication...
[debug] [2025-03-07T21:06:44.198Z] >>> [apiv2][query] POST https://auth.firebase.tools/attest [none]
[debug] [2025-03-07T21:06:44.198Z] >>> [apiv2][body] POST https://auth.firebase.tools/attest {"session_id":"d3818df6-d889-40b0-a6b9-46d13012593b"}
[debug] [2025-03-07T21:06:44.758Z] <<< [apiv2][status] POST https://auth.firebase.tools/attest 200
[debug] [2025-03-07T21:06:44.759Z] <<< [apiv2][body] POST https://auth.firebase.tools/attest {"token":"8PzbUdhYcAtXRzCpsdUCzBka3-vz0kw0mcK94fhQ-HM"}
[info] 
[info] To sign in to the Firebase CLI:
[info] 
[info] 1. Take note of your session ID:
[info] 
[info]    D3818
[info] 
[info] 2. Visit the URL below on any device and follow the instructions to get your code:
[info] 
[info]    https://auth.firebase.tools/login?code_challenge=NDcxYPsFYAwuVmLPweNi0QuVzY6Z6xJz8HHayHQXHK0&session=d3818df6-d889-40b0-a6b9-46d13012593b&attest=8PzbUdhYcAtXRzCpsdUCzBka3-vz0kw0mcK94fhQ-HM
[info] 
[info] 3. Paste or enter the authorization code below once you have it:
[info] 
[debug] [2025-03-07T21:07:52.329Z] ----------------------------------------------------------------------
[debug] [2025-03-07T21:07:52.331Z] Command:       /home/kyhuber/.nvm/versions/node/v22.14.0/bin/node /home/kyhuber/.nvm/versions/node/v22.14.0/bin/firebase login --no-localhost
[debug] [2025-03-07T21:07:52.331Z] CLI Version:   13.33.0
[debug] [2025-03-07T21:07:52.331Z] Platform:      linux
[debug] [2025-03-07T21:07:52.332Z] Node Version:  v22.14.0
[debug] [2025-03-07T21:07:52.332Z] Time:          Fri Mar 07 2025 13:07:52 GMT-0800 (Pacific Standard Time)
[debug] [2025-03-07T21:07:52.332Z] ----------------------------------------------------------------------
[debug] 
[info] i  Firebase optionally collects CLI and Emulator Suite usage and error reporting information to help improve our products. Data is collected in accordance with Google's privacy policy (https://policies.google.com/privacy) and is not used to identify you.
 
[info] i  To change your data collection preference at any time, run `firebase logout` and log in again. 
[debug] [2025-03-07T21:07:55.829Z] >>> [apiv2][query] POST https://auth.firebase.tools/attest [none]
[debug] [2025-03-07T21:07:55.829Z] >>> [apiv2][body] POST https://auth.firebase.tools/attest {"session_id":"01fb1e80-4e50-43ce-b8ad-5a79d57999e8"}
[debug] [2025-03-07T21:07:56.275Z] <<< [apiv2][status] POST https://auth.firebase.tools/attest 200
[debug] [2025-03-07T21:07:56.275Z] <<< [apiv2][body] POST https://auth.firebase.tools/attest {"token":"smS1JY3UIvZ8E0YSqRGrPSxKbCJgDsZv2C-7gfPGCqo"}
[info] 
[info] To sign in to the Firebase CLI:
[info] 
[info] 1. Take note of your session ID:
[info] 
[info]    01FB1
[info] 
[info] 2. Visit the URL below on any device and follow the instructions to get your code:
[info] 
[info]    https://auth.firebase.tools/login?code_challenge=mEEGPm4omg1io8dbBEBPrwCcCmXsCClT7h9bAJGC0xY&session=01fb1e80-4e50-43ce-b8ad-5a79d57999e8&attest=smS1JY3UIvZ8E0YSqRGrPSxKbCJgDsZv2C-7gfPGCqo
[info] 
[info] 3. Paste or enter the authorization code below once you have it:
[info] 
